Using pre-set license
Built from '2021.3/staging' branch; Version is '2021.3.15f1 (e8e88683f834) revision 15263878'; Using compiler version '192829333'; Build Type 'Release'
OS: 'Windows 10  (10.0.19044) 64bit Enterprise' Language: 'en' Physical Memory: 32486 MB
BatchMode: 1, IsHumanControllingUs: 0, StartBugReporterOnCrash: 0, Is64bit: 1, IsPro: 1

COMMAND LINE ARGUMENTS:
C:\Unity Projects\2021.3.15f1\Editor\Unity.exe
-adb2
-batchMode
-noUpm
-name
AssetImportWorker6
-projectPath
C:/Unity Projects/Projects/BombermanGame/Bomberman
-logFile
Logs/AssetImportWorker6.log
-srvPort
64089
Successfully changed project path to: C:/Unity Projects/Projects/BombermanGame/Bomberman
C:/Unity Projects/Projects/BombermanGame/Bomberman
[UnityMemory] Configuration Parameters - Can be set up in boot.config
    "memorysetup-bucket-allocator-granularity=16"
    "memorysetup-bucket-allocator-bucket-count=8"
    "memorysetup-bucket-allocator-block-size=33554432"
    "memorysetup-bucket-allocator-block-count=8"
    "memorysetup-main-allocator-block-size=16777216"
    "memorysetup-thread-allocator-block-size=16777216"
    "memorysetup-gfx-main-allocator-block-size=16777216"
    "memorysetup-gfx-thread-allocator-block-size=16777216"
    "memorysetup-cache-allocator-block-size=4194304"
    "memorysetup-typetree-allocator-block-size=2097152"
    "memorysetup-profiler-bucket-allocator-granularity=16"
    "memorysetup-profiler-bucket-allocator-bucket-count=8"
    "memorysetup-profiler-bucket-allocator-block-size=33554432"
    "memorysetup-profiler-bucket-allocator-block-count=8"
    "memorysetup-profiler-allocator-block-size=16777216"
    "memorysetup-profiler-editor-allocator-block-size=1048576"
    "memorysetup-temp-allocator-size-main=16777216"
    "memorysetup-job-temp-allocator-block-size=2097152"
    "memorysetup-job-temp-allocator-block-size-background=1048576"
    "memorysetup-job-temp-allocator-reduction-small-platforms=262144"
    "memorysetup-temp-allocator-size-background-worker=32768"
    "memorysetup-temp-allocator-size-job-worker=262144"
    "memorysetup-temp-allocator-size-preload-manager=33554432"
    "memorysetup-temp-allocator-size-nav-mesh-worker=65536"
    "memorysetup-temp-allocator-size-audio-worker=65536"
    "memorysetup-temp-allocator-size-cloud-worker=32768"
    "memorysetup-temp-allocator-size-gi-baking-worker=262144"
    "memorysetup-temp-allocator-size-gfx=262144"
Player connection [27044] Host "[IP] 192.168.1.72 [Port] 0 [Flags] 2 [Guid] 4047604091 [EditorId] 4047604091 [Version] 1048832 [Id] WindowsEditor(7,EN1310847) [Debug] 1 [PackageName] WindowsEditor [ProjectName] Editor" joined multi-casting on [225.0.0.222:54997]...

Player connection [27044] Host "[IP] 192.168.1.72 [Port] 0 [Flags] 2 [Guid] 4047604091 [EditorId] 4047604091 [Version] 1048832 [Id] WindowsEditor(7,EN1310847) [Debug] 1 [PackageName] WindowsEditor [ProjectName] Editor" joined alternative multi-casting on [225.0.0.222:34997]...

Refreshing native plugins compatible for Editor in 81.87 ms, found 2 plugins.
Preloading 0 native plugins for Editor in 0.00 ms.
Initialize engine version: 2021.3.15f1 (e8e88683f834)
[Subsystems] Discovering subsystems at path C:/Unity Projects/2021.3.15f1/Editor/Data/Resources/UnitySubsystems
[Subsystems] Discovering subsystems at path C:/Unity Projects/Projects/BombermanGame/Bomberman/Assets
GfxDevice: creating device client; threaded=0; jobified=0
Direct3D:
    Version:  Direct3D 11.0 [level 11.1]
    Renderer: NVIDIA Quadro RTX 4000 with Max-Q Design (ID=0x1eb6)
    Vendor:   NVIDIA
    VRAM:     8008 MB
    Driver:   31.0.15.2802
Initialize mono
Mono path[0] = 'C:/Unity Projects/2021.3.15f1/Editor/Data/Managed'
Mono path[1] = 'C:/Unity Projects/2021.3.15f1/Editor/Data/MonoBleedingEdge/lib/mono/unityjit-win32'
Mono config path = 'C:/Unity Projects/2021.3.15f1/Editor/Data/MonoBleedingEdge/etc'
Using monoOptions --debugger-agent=transport=dt_socket,embedding=1,server=y,suspend=n,address=127.0.0.1:56316
Begin MonoManager ReloadAssembly
Registering precompiled unity dll's ...
Register platform support module: C:/Unity Projects/2021.3.15f1/Editor/Data/PlaybackEngines/WindowsStandaloneSupport/UnityEditor.WindowsStandalone.Extensions.dll
Registered in 0.004947 seconds.
Native extension for WindowsStandalone target not found
Refreshing native plugins compatible for Editor in 72.62 ms, found 2 plugins.
Preloading 0 native plugins for Editor in 0.00 ms.
Mono: successfully reloaded assembly
- Completed reload, in  0.606 seconds
Domain Reload Profiling:
	ReloadAssembly (606ms)
		BeginReloadAssembly (74ms)
			ExecutionOrderSort (0ms)
			DisableScriptedObjects (0ms)
			BackupInstance (0ms)
			ReleaseScriptingObjects (0ms)
			CreateAndSetChildDomain (1ms)
		EndReloadAssembly (428ms)
			LoadAssemblies (71ms)
			RebuildTransferFunctionScriptingTraits (0ms)
			SetupTypeCache (94ms)
			ReleaseScriptCaches (0ms)
			RebuildScriptCaches (29ms)
			SetupLoadedEditorAssemblies (254ms)
				LogAssemblyErrors (0ms)
				InitializePlatformSupportModulesInManaged (8ms)
				SetLoadedEditorAssemblies (0ms)
				RefreshPlugins (73ms)
				BeforeProcessingInitializeOnLoad (1ms)
				ProcessInitializeOnLoadAttributes (129ms)
				ProcessInitializeOnLoadMethodAttributes (43ms)
				AfterProcessingInitializeOnLoad (0ms)
				EditorAssembliesLoaded (0ms)
			ExecutionOrderSort2 (0ms)
			AwakeInstancesAfterBackupRestoration (0ms)
Platform modules already initialized, skipping
Registering precompiled user dll's ...
Registered in 0.008000 seconds.
Begin MonoManager ReloadAssembly
Native extension for WindowsStandalone target not found
Refreshing native plugins compatible for Editor in 73.48 ms, found 2 plugins.
Preloading 0 native plugins for Editor in 0.00 ms.
Package Manager log level set to [2]
Mono: successfully reloaded assembly
- Completed reload, in  1.423 seconds
Domain Reload Profiling:
	ReloadAssembly (1424ms)
		BeginReloadAssembly (105ms)
			ExecutionOrderSort (0ms)
			DisableScriptedObjects (6ms)
			BackupInstance (0ms)
			ReleaseScriptingObjects (0ms)
			CreateAndSetChildDomain (18ms)
		EndReloadAssembly (1209ms)
			LoadAssemblies (96ms)
			RebuildTransferFunctionScriptingTraits (0ms)
			SetupTypeCache (218ms)
			ReleaseScriptCaches (1ms)
			RebuildScriptCaches (60ms)
			SetupLoadedEditorAssemblies (789ms)
				LogAssemblyErrors (0ms)
				InitializePlatformSupportModulesInManaged (4ms)
				SetLoadedEditorAssemblies (0ms)
				RefreshPlugins (74ms)
				BeforeProcessingInitializeOnLoad (122ms)
				ProcessInitializeOnLoadAttributes (425ms)
				ProcessInitializeOnLoadMethodAttributes (155ms)
				AfterProcessingInitializeOnLoad (8ms)
				EditorAssembliesLoaded (0ms)
			ExecutionOrderSort2 (0ms)
			AwakeInstancesAfterBackupRestoration (6ms)
Platform modules already initialized, skipping
========================================================================
Worker process is ready to serve import requests
Launched and connected shader compiler UnityShaderCompiler.exe after 0.05 seconds
Refreshing native plugins compatible for Editor in 0.98 ms, found 2 plugins.
Preloading 0 native plugins for Editor in 0.00 ms.
Unloading 4611 Unused Serialized files (Serialized files now loaded: 0)
Unloading 71 unused Assets / (0.8 MB). Loaded Objects now: 5043.
Memory consumption went from 191.9 MB to 191.1 MB.
Total: 7.051200 ms (FindLiveObjects: 0.354200 ms CreateObjectMapping: 0.282400 ms MarkObjects: 6.033200 ms  DeleteObjects: 0.380600 ms)

AssetImportParameters requested are different than current active one (requested -> active):
  custom:video-decoder-ogg-theora: a1e56fd34408186e4bbccfd4996cb3dc -> 
  custom:container-muxer-webm: aa71ff27fc2769a1b78a27578f13a17b -> 
  custom:container-demuxer-webm: 4f35f7cbe854078d1ac9338744f61a02 -> 
  custom:video-encoder-webm-vp8: eb34c28f22e8b96e1ab97ce403110664 -> 
  custom:audio-encoder-webm-vorbis: bf7c407c2cedff20999df2af8eb42d56 -> 
  custom:framework-win-MediaFoundation: 216162199b28c13a410421893ffa2e32 -> 
  custom:container-demuxer-ogg: 62fdf1f143b41e24485cea50d1cbac27 -> 
  custom:video-decoder-webm-vp8: 9c59270c3fd7afecdb556c50c9e8de78 -> 
  custom:audio-decoder-ogg-vorbis: bf7c407c2cedff20999df2af8eb42d56 -> 
========================================================================
Received Import Request.
  Time since last request: 374872.380282 seconds.
  path: Assets/Original Bricks Textures(fromstore)/Bricks Texture 01/Bricks Texture 01 normal.tga
  artifactKey: Guid(36d8eefb8ffd6c44184232f47bf0b564) Importer(815301076,1909f56bfc062723c751e8b465ee728b)
Start importing Assets/Original Bricks Textures(fromstore)/Bricks Texture 01/Bricks Texture 01 normal.tga using Guid(36d8eefb8ffd6c44184232f47bf0b564) Importer(815301076,1909f56bfc062723c751e8b465ee728b)  -> (artifact id: '4fbe54058e4a738baab6f3fb0f2d071d') in 0.104857 seconds 
========================================================================
Received Import Request.
  Time since last request: 0.491230 seconds.
  path: Assets/Original Bricks Textures(fromstore)/Bricks Texture 03/Bricks Texture 03 normal.tga
  artifactKey: Guid(70c16237536c68a44a88efb067dc6636) Importer(815301076,1909f56bfc062723c751e8b465ee728b)
Start importing Assets/Original Bricks Textures(fromstore)/Bricks Texture 03/Bricks Texture 03 normal.tga using Guid(70c16237536c68a44a88efb067dc6636) Importer(815301076,1909f56bfc062723c751e8b465ee728b)  -> (artifact id: '8553157977a1fc1c36d780a3eaed886c') in 0.015779 seconds 
========================================================================
Received Import Request.
  Time since last request: 10.473605 seconds.
  path: Assets/PowerUp(fromstore)/Materials/extern-power-up-blue.tga
  artifactKey: Guid(b8254e3f20ef72d42af39930cd133988) Importer(815301076,1909f56bfc062723c751e8b465ee728b)
Start importing Assets/PowerUp(fromstore)/Materials/extern-power-up-blue.tga using Guid(b8254e3f20ef72d42af39930cd133988) Importer(815301076,1909f56bfc062723c751e8b465ee728b)  -> (artifact id: '4a651e6c379403091fabe2fc52c4fcb2') in 0.019045 seconds 
========================================================================
Received Import Request.
  Time since last request: 0.000027 seconds.
  path: Assets/PowerUp(fromstore)/Materials/spark-4.mat
  artifactKey: Guid(ff721caafe458664e9f2bcfa423df5a9) Importer(815301076,1909f56bfc062723c751e8b465ee728b)
Start importing Assets/PowerUp(fromstore)/Materials/spark-4.mat using Guid(ff721caafe458664e9f2bcfa423df5a9) Importer(815301076,1909f56bfc062723c751e8b465ee728b)  -> (artifact id: 'a7bfbb60c90a50c31530e45c7c14963c') in 0.059660 seconds 
========================================================================
Received Import Request.
  Time since last request: 0.000030 seconds.
  path: Assets/PowerUp(fromstore)/Materials/spark-4.tga
  artifactKey: Guid(bc7f73aad75bda84b91b729bcddc4717) Importer(815301076,1909f56bfc062723c751e8b465ee728b)
Start importing Assets/PowerUp(fromstore)/Materials/spark-4.tga using Guid(bc7f73aad75bda84b91b729bcddc4717) Importer(815301076,1909f56bfc062723c751e8b465ee728b)  -> (artifact id: 'aa0d226f5bff7e231fe1e3cab6921db2') in 0.014785 seconds 
========================================================================
Received Import Request.
  Time since last request: 0.000044 seconds.
  path: Assets/PowerUp(fromstore)/Materials/flame-2.tga
  artifactKey: Guid(264365c2f4791d34e84390c2b8b24f31) Importer(815301076,1909f56bfc062723c751e8b465ee728b)
Start importing Assets/PowerUp(fromstore)/Materials/flame-2.tga using Guid(264365c2f4791d34e84390c2b8b24f31) Importer(815301076,1909f56bfc062723c751e8b465ee728b)  -> (artifact id: '5d837c7466cdafefe89c3d0a743c716b') in 0.019861 seconds 
========================================================================
Received Import Request.
  Time since last request: 0.000029 seconds.
  path: Assets/PowerUp(fromstore)/Materials/ExternPowerUp.mat
  artifactKey: Guid(78b3d2607f4c8c843b131bd40468e68a) Importer(815301076,1909f56bfc062723c751e8b465ee728b)
Start importing Assets/PowerUp(fromstore)/Materials/ExternPowerUp.mat using Guid(78b3d2607f4c8c843b131bd40468e68a) Importer(815301076,1909f56bfc062723c751e8b465ee728b)  -> (artifact id: '794c175ab3f3a6fc18a56ac6603562bb') in 0.020483 seconds 
========================================================================
Received Import Request.
  Time since last request: 0.000028 seconds.
  path: Assets/PowerUp(fromstore)/Materials/ExternPowerUpYellow.mat
  artifactKey: Guid(617243c6fdcf2d246b04b3da0e06d673) Importer(815301076,1909f56bfc062723c751e8b465ee728b)
Start importing Assets/PowerUp(fromstore)/Materials/ExternPowerUpYellow.mat using Guid(617243c6fdcf2d246b04b3da0e06d673) Importer(815301076,1909f56bfc062723c751e8b465ee728b)  -> (artifact id: 'a2da3a3d040921e1163bd1da11a5614a') in 0.016688 seconds 
========================================================================
Received Import Request.
  Time since last request: 0.000024 seconds.
  path: Assets/PowerUp(fromstore)/Materials/extern-power-up-yellow.tga
  artifactKey: Guid(b6a4fc1c8cdd50a44b3d036e8258689d) Importer(815301076,1909f56bfc062723c751e8b465ee728b)
Start importing Assets/PowerUp(fromstore)/Materials/extern-power-up-yellow.tga using Guid(b6a4fc1c8cdd50a44b3d036e8258689d) Importer(815301076,1909f56bfc062723c751e8b465ee728b)  -> (artifact id: '9ae3fa055f575c75b5003240b7a14670') in 0.018229 seconds 
========================================================================
Received Import Request.
  Time since last request: 0.000063 seconds.
  path: Assets/PowerUp(fromstore)/Materials/SpecularRed.mat
  artifactKey: Guid(af266ecce698e1f488a4dcefb13fc43f) Importer(815301076,1909f56bfc062723c751e8b465ee728b)
Start importing Assets/PowerUp(fromstore)/Materials/SpecularRed.mat using Guid(af266ecce698e1f488a4dcefb13fc43f) Importer(815301076,1909f56bfc062723c751e8b465ee728b)  -> (artifact id: '6b455af4461e77b87ab4eac8b33633c9') in 0.021808 seconds 
========================================================================
Received Import Request.
  Time since last request: 0.000027 seconds.
  path: Assets/PowerUp(fromstore)/Materials/shine-1.tga
  artifactKey: Guid(a1bde096ad2e87342930da8beb2b8818) Importer(815301076,1909f56bfc062723c751e8b465ee728b)
Start importing Assets/PowerUp(fromstore)/Materials/shine-1.tga using Guid(a1bde096ad2e87342930da8beb2b8818) Importer(815301076,1909f56bfc062723c751e8b465ee728b)  -> (artifact id: '8315cd95881ff4179a50489fda79ca1b') in 0.022451 seconds 
========================================================================
Received Import Request.
  Time since last request: 0.000023 seconds.
  path: Assets/PowerUp(fromstore)/Materials/spark-3.mat
  artifactKey: Guid(70322d5cca9cefa4383336c2bdab52ec) Importer(815301076,1909f56bfc062723c751e8b465ee728b)
Start importing Assets/PowerUp(fromstore)/Materials/spark-3.mat using Guid(70322d5cca9cefa4383336c2bdab52ec) Importer(815301076,1909f56bfc062723c751e8b465ee728b)  -> (artifact id: '3a8af35f6b66aa805f864461a693084f') in 0.015913 seconds 
========================================================================
Received Import Request.
  Time since last request: 3.733141 seconds.
  path: Assets/PowerUp(fromstore)/Models/euro.FBX
  artifactKey: Guid(f604b43e09a6b14449810bfb51736fef) Importer(815301076,1909f56bfc062723c751e8b465ee728b)
Start importing Assets/PowerUp(fromstore)/Models/euro.FBX using Guid(f604b43e09a6b14449810bfb51736fef) Importer(815301076,1909f56bfc062723c751e8b465ee728b)  -> (artifact id: '3364739e2a791927e6164aef98917b7c') in 0.187671 seconds 
========================================================================
Received Import Request.
  Time since last request: 5.244976 seconds.
  path: Assets/PowerUp(fromstore)/Prefabs/PowerUpContainerDoubleShine.prefab
  artifactKey: Guid(339ec13e94b70ca469275f6f7e29bac3) Importer(815301076,1909f56bfc062723c751e8b465ee728b)
Start importing Assets/PowerUp(fromstore)/Prefabs/PowerUpContainerDoubleShine.prefab using Guid(339ec13e94b70ca469275f6f7e29bac3) Importer(815301076,1909f56bfc062723c751e8b465ee728b)  -> (artifact id: '620ff8c7f368ade62e586f66b7fb7044') in 0.026395 seconds 
========================================================================
Received Import Request.
  Time since last request: 0.000414 seconds.
  path: Assets/PowerUp(fromstore)/Prefabs/PowerUpContainerWhite.prefab
  artifactKey: Guid(e0b186a53bbd65f498681cafa278d094) Importer(815301076,1909f56bfc062723c751e8b465ee728b)
Start importing Assets/PowerUp(fromstore)/Prefabs/PowerUpContainerWhite.prefab using Guid(e0b186a53bbd65f498681cafa278d094) Importer(815301076,1909f56bfc062723c751e8b465ee728b)  -> (artifact id: 'bf37bfd134036d99b815e40d628959d6') in 0.023919 seconds 
========================================================================
Received Import Request.
  Time since last request: 1.834571 seconds.
  path: Assets/PowerUp(fromstore)/Prefabs/CustomizableParts/PowerUp.prefab
  artifactKey: Guid(f8efad34b6fb67641a44679362c8f942) Importer(815301076,1909f56bfc062723c751e8b465ee728b)
Start importing Assets/PowerUp(fromstore)/Prefabs/CustomizableParts/PowerUp.prefab using Guid(f8efad34b6fb67641a44679362c8f942) Importer(815301076,1909f56bfc062723c751e8b465ee728b)  -> (artifact id: '39cc5e6e8b0b3522df1ac5a38c730445') in 0.015442 seconds 
========================================================================
Received Import Request.
  Time since last request: 3.530309 seconds.
  path: Assets/PowerUp(fromstore)/Scenes/Example/LightmapNear-0.exr
  artifactKey: Guid(5352006d1121a1b438ec436bcb2ad49c) Importer(815301076,1909f56bfc062723c751e8b465ee728b)
Start importing Assets/PowerUp(fromstore)/Scenes/Example/LightmapNear-0.exr using Guid(5352006d1121a1b438ec436bcb2ad49c) Importer(815301076,1909f56bfc062723c751e8b465ee728b)  -> (artifact id: 'c43130f8fc8a7b7aa4a2005e53d23f68') in 0.030913 seconds 
========================================================================
Received Import Request.
  Time since last request: 8.834293 seconds.
  path: Assets/Resources/Door.prefab
  artifactKey: Guid(19ebd9bc94a93804fbfeaf79cc2fea4d) Importer(815301076,1909f56bfc062723c751e8b465ee728b)
Start importing Assets/Resources/Door.prefab using Guid(19ebd9bc94a93804fbfeaf79cc2fea4d) Importer(815301076,1909f56bfc062723c751e8b465ee728b)  -> (artifact id: 'e13c45284ee5117d60fe40f97e4dcd48') in 0.045412 seconds 
========================================================================
Received Import Request.
  Time since last request: 0.000026 seconds.
  path: Assets/Resources/Startpos.prefab
  artifactKey: Guid(fa296ca7f88f9e04a8962a05eeec0f37) Importer(815301076,1909f56bfc062723c751e8b465ee728b)
Start importing Assets/Resources/Startpos.prefab using Guid(fa296ca7f88f9e04a8962a05eeec0f37) Importer(815301076,1909f56bfc062723c751e8b465ee728b)  -> (artifact id: 'f3b7509e65524344fc33818c652ff140') in 0.013081 seconds 
========================================================================
Received Import Request.
  Time since last request: 0.000033 seconds.
  path: Assets/Resources/PopupTextParent.prefab
  artifactKey: Guid(5c5e333ce051112479e22095d311aee2) Importer(815301076,1909f56bfc062723c751e8b465ee728b)
Start importing Assets/Resources/PopupTextParent.prefab using Guid(5c5e333ce051112479e22095d311aee2) Importer(815301076,1909f56bfc062723c751e8b465ee728b)  -> (artifact id: '6de42b439480e3423910d21237777f75') in 0.015303 seconds 
========================================================================
Received Import Request.
  Time since last request: 0.000019 seconds.
  path: Assets/Resources/Wall.prefab
  artifactKey: Guid(4381f922792f85440a7602ab2149629d) Importer(815301076,1909f56bfc062723c751e8b465ee728b)
Start importing Assets/Resources/Wall.prefab using Guid(4381f922792f85440a7602ab2149629d) Importer(815301076,1909f56bfc062723c751e8b465ee728b)  -> (artifact id: '451f55ba9136f5b19237136c88ce0270') in 0.028734 seconds 
Editor requested this worker to shutdown with reason: Scaling down because of idle timeout
AssetImportWorker is now disconnected from the server
Process exiting
Exiting without the bug reporter. Application will terminate with return code 0