Using pre-set license
Built from '2021.3/staging' branch; Version is '2021.3.15f1 (e8e88683f834) revision 15263878'; Using compiler version '192829333'; Build Type 'Release'
OS: 'Windows 10  (10.0.19044) 64bit Enterprise' Language: 'en' Physical Memory: 32486 MB
BatchMode: 1, IsHumanControllingUs: 0, StartBugReporterOnCrash: 0, Is64bit: 1, IsPro: 1

COMMAND LINE ARGUMENTS:
C:\Unity Projects\2021.3.15f1\Editor\Unity.exe
-adb2
-batchMode
-noUpm
-name
AssetImportWorker5
-projectPath
C:/Unity Projects/Projects/BombermanGame/Bomberman
-logFile
Logs/AssetImportWorker5.log
-srvPort
64089
Successfully changed project path to: C:/Unity Projects/Projects/BombermanGame/Bomberman
C:/Unity Projects/Projects/BombermanGame/Bomberman
[UnityMemory] Configuration Parameters - Can be set up in boot.config
    "memorysetup-bucket-allocator-granularity=16"
    "memorysetup-bucket-allocator-bucket-count=8"
    "memorysetup-bucket-allocator-block-size=33554432"
    "memorysetup-bucket-allocator-block-count=8"
    "memorysetup-main-allocator-block-size=16777216"
    "memorysetup-thread-allocator-block-size=16777216"
    "memorysetup-gfx-main-allocator-block-size=16777216"
    "memorysetup-gfx-thread-allocator-block-size=16777216"
    "memorysetup-cache-allocator-block-size=4194304"
    "memorysetup-typetree-allocator-block-size=2097152"
    "memorysetup-profiler-bucket-allocator-granularity=16"
    "memorysetup-profiler-bucket-allocator-bucket-count=8"
    "memorysetup-profiler-bucket-allocator-block-size=33554432"
    "memorysetup-profiler-bucket-allocator-block-count=8"
    "memorysetup-profiler-allocator-block-size=16777216"
    "memorysetup-profiler-editor-allocator-block-size=1048576"
    "memorysetup-temp-allocator-size-main=16777216"
    "memorysetup-job-temp-allocator-block-size=2097152"
    "memorysetup-job-temp-allocator-block-size-background=1048576"
    "memorysetup-job-temp-allocator-reduction-small-platforms=262144"
    "memorysetup-temp-allocator-size-background-worker=32768"
    "memorysetup-temp-allocator-size-job-worker=262144"
    "memorysetup-temp-allocator-size-preload-manager=33554432"
    "memorysetup-temp-allocator-size-nav-mesh-worker=65536"
    "memorysetup-temp-allocator-size-audio-worker=65536"
    "memorysetup-temp-allocator-size-cloud-worker=32768"
    "memorysetup-temp-allocator-size-gi-baking-worker=262144"
    "memorysetup-temp-allocator-size-gfx=262144"
Player connection [12628] Host "[IP] 192.168.1.72 [Port] 0 [Flags] 2 [Guid] 74093691 [EditorId] 74093691 [Version] 1048832 [Id] WindowsEditor(7,EN1310847) [Debug] 1 [PackageName] WindowsEditor [ProjectName] Editor" joined multi-casting on [225.0.0.222:54997]...

Player connection [12628] Host "[IP] 192.168.1.72 [Port] 0 [Flags] 2 [Guid] 74093691 [EditorId] 74093691 [Version] 1048832 [Id] WindowsEditor(7,EN1310847) [Debug] 1 [PackageName] WindowsEditor [ProjectName] Editor" joined alternative multi-casting on [225.0.0.222:34997]...

Refreshing native plugins compatible for Editor in 92.51 ms, found 2 plugins.
Preloading 0 native plugins for Editor in 0.00 ms.
Initialize engine version: 2021.3.15f1 (e8e88683f834)
[Subsystems] Discovering subsystems at path C:/Unity Projects/2021.3.15f1/Editor/Data/Resources/UnitySubsystems
[Subsystems] Discovering subsystems at path C:/Unity Projects/Projects/BombermanGame/Bomberman/Assets
GfxDevice: creating device client; threaded=0; jobified=0
Direct3D:
    Version:  Direct3D 11.0 [level 11.1]
    Renderer: NVIDIA Quadro RTX 4000 with Max-Q Design (ID=0x1eb6)
    Vendor:   NVIDIA
    VRAM:     8008 MB
    Driver:   31.0.15.2802
Initialize mono
Mono path[0] = 'C:/Unity Projects/2021.3.15f1/Editor/Data/Managed'
Mono path[1] = 'C:/Unity Projects/2021.3.15f1/Editor/Data/MonoBleedingEdge/lib/mono/unityjit-win32'
Mono config path = 'C:/Unity Projects/2021.3.15f1/Editor/Data/MonoBleedingEdge/etc'
Using monoOptions --debugger-agent=transport=dt_socket,embedding=1,server=y,suspend=n,address=127.0.0.1:56252
Begin MonoManager ReloadAssembly
Registering precompiled unity dll's ...
Register platform support module: C:/Unity Projects/2021.3.15f1/Editor/Data/PlaybackEngines/WindowsStandaloneSupport/UnityEditor.WindowsStandalone.Extensions.dll
Registered in 0.005104 seconds.
Native extension for WindowsStandalone target not found
Refreshing native plugins compatible for Editor in 73.92 ms, found 2 plugins.
Preloading 0 native plugins for Editor in 0.00 ms.
Mono: successfully reloaded assembly
- Completed reload, in  0.614 seconds
Domain Reload Profiling:
	ReloadAssembly (614ms)
		BeginReloadAssembly (75ms)
			ExecutionOrderSort (0ms)
			DisableScriptedObjects (0ms)
			BackupInstance (0ms)
			ReleaseScriptingObjects (0ms)
			CreateAndSetChildDomain (1ms)
		EndReloadAssembly (435ms)
			LoadAssemblies (72ms)
			RebuildTransferFunctionScriptingTraits (0ms)
			SetupTypeCache (93ms)
			ReleaseScriptCaches (0ms)
			RebuildScriptCaches (28ms)
			SetupLoadedEditorAssemblies (259ms)
				LogAssemblyErrors (0ms)
				InitializePlatformSupportModulesInManaged (7ms)
				SetLoadedEditorAssemblies (0ms)
				RefreshPlugins (74ms)
				BeforeProcessingInitializeOnLoad (2ms)
				ProcessInitializeOnLoadAttributes (131ms)
				ProcessInitializeOnLoadMethodAttributes (45ms)
				AfterProcessingInitializeOnLoad (0ms)
				EditorAssembliesLoaded (0ms)
			ExecutionOrderSort2 (0ms)
			AwakeInstancesAfterBackupRestoration (0ms)
Platform modules already initialized, skipping
Registering precompiled user dll's ...
Registered in 0.008533 seconds.
Begin MonoManager ReloadAssembly
Native extension for WindowsStandalone target not found
Refreshing native plugins compatible for Editor in 76.37 ms, found 2 plugins.
Preloading 0 native plugins for Editor in 0.00 ms.
Package Manager log level set to [2]
Mono: successfully reloaded assembly
- Completed reload, in  1.496 seconds
Domain Reload Profiling:
	ReloadAssembly (1497ms)
		BeginReloadAssembly (115ms)
			ExecutionOrderSort (0ms)
			DisableScriptedObjects (6ms)
			BackupInstance (0ms)
			ReleaseScriptingObjects (0ms)
			CreateAndSetChildDomain (19ms)
		EndReloadAssembly (1268ms)
			LoadAssemblies (100ms)
			RebuildTransferFunctionScriptingTraits (0ms)
			SetupTypeCache (242ms)
			ReleaseScriptCaches (1ms)
			RebuildScriptCaches (66ms)
			SetupLoadedEditorAssemblies (809ms)
				LogAssemblyErrors (0ms)
				InitializePlatformSupportModulesInManaged (4ms)
				SetLoadedEditorAssemblies (0ms)
				RefreshPlugins (76ms)
				BeforeProcessingInitializeOnLoad (120ms)
				ProcessInitializeOnLoadAttributes (443ms)
				ProcessInitializeOnLoadMethodAttributes (156ms)
				AfterProcessingInitializeOnLoad (9ms)
				EditorAssembliesLoaded (0ms)
			ExecutionOrderSort2 (0ms)
			AwakeInstancesAfterBackupRestoration (7ms)
Platform modules already initialized, skipping
========================================================================
Worker process is ready to serve import requests
Launched and connected shader compiler UnityShaderCompiler.exe after 0.05 seconds
Refreshing native plugins compatible for Editor in 1.72 ms, found 2 plugins.
Preloading 0 native plugins for Editor in 0.00 ms.
Unloading 4611 Unused Serialized files (Serialized files now loaded: 0)
Unloading 71 unused Assets / (0.8 MB). Loaded Objects now: 5043.
Memory consumption went from 191.9 MB to 191.1 MB.
Total: 8.618000 ms (FindLiveObjects: 0.533300 ms CreateObjectMapping: 0.467000 ms MarkObjects: 7.244300 ms  DeleteObjects: 0.372100 ms)

AssetImportParameters requested are different than current active one (requested -> active):
  custom:video-decoder-ogg-theora: a1e56fd34408186e4bbccfd4996cb3dc -> 
  custom:container-muxer-webm: aa71ff27fc2769a1b78a27578f13a17b -> 
  custom:container-demuxer-webm: 4f35f7cbe854078d1ac9338744f61a02 -> 
  custom:video-encoder-webm-vp8: eb34c28f22e8b96e1ab97ce403110664 -> 
  custom:audio-encoder-webm-vorbis: bf7c407c2cedff20999df2af8eb42d56 -> 
  custom:framework-win-MediaFoundation: 216162199b28c13a410421893ffa2e32 -> 
  custom:container-demuxer-ogg: 62fdf1f143b41e24485cea50d1cbac27 -> 
  custom:video-decoder-webm-vp8: 9c59270c3fd7afecdb556c50c9e8de78 -> 
  custom:audio-decoder-ogg-vorbis: bf7c407c2cedff20999df2af8eb42d56 -> 
========================================================================
Received Prepare
Registering precompiled user dll's ...
Registered in 0.010980 seconds.
Begin MonoManager ReloadAssembly
Native extension for WindowsStandalone target not found
Refreshing native plugins compatible for Editor in 1.02 ms, found 2 plugins.
Preloading 0 native plugins for Editor in 0.00 ms.
Mono: successfully reloaded assembly
- Completed reload, in  1.392 seconds
Domain Reload Profiling:
	ReloadAssembly (1393ms)
		BeginReloadAssembly (156ms)
			ExecutionOrderSort (0ms)
			DisableScriptedObjects (10ms)
			BackupInstance (0ms)
			ReleaseScriptingObjects (0ms)
			CreateAndSetChildDomain (47ms)
		EndReloadAssembly (1118ms)
			LoadAssemblies (110ms)
			RebuildTransferFunctionScriptingTraits (0ms)
			SetupTypeCache (233ms)
			ReleaseScriptCaches (1ms)
			RebuildScriptCaches (48ms)
			SetupLoadedEditorAssemblies (678ms)
				LogAssemblyErrors (0ms)
				InitializePlatformSupportModulesInManaged (12ms)
				SetLoadedEditorAssemblies (0ms)
				RefreshPlugins (1ms)
				BeforeProcessingInitializeOnLoad (100ms)
				ProcessInitializeOnLoadAttributes (391ms)
				ProcessInitializeOnLoadMethodAttributes (165ms)
				AfterProcessingInitializeOnLoad (9ms)
				EditorAssembliesLoaded (0ms)
			ExecutionOrderSort2 (0ms)
			AwakeInstancesAfterBackupRestoration (6ms)
Platform modules already initialized, skipping
Refreshing native plugins compatible for Editor in 6.28 ms, found 2 plugins.
Preloading 0 native plugins for Editor in 0.00 ms.
Unloading 4516 Unused Serialized files (Serialized files now loaded: 0)
Unloading 60 unused Assets / (0.8 MB). Loaded Objects now: 5046.
Memory consumption went from 183.4 MB to 182.6 MB.
Total: 7.292400 ms (FindLiveObjects: 0.423800 ms CreateObjectMapping: 0.488500 ms MarkObjects: 6.066700 ms  DeleteObjects: 0.312600 ms)

AssetImportParameters requested are different than current active one (requested -> active):
  custom:video-decoder-ogg-theora: a1e56fd34408186e4bbccfd4996cb3dc -> 
  custom:container-muxer-webm: aa71ff27fc2769a1b78a27578f13a17b -> 
  custom:container-demuxer-webm: 4f35f7cbe854078d1ac9338744f61a02 -> 
  custom:video-encoder-webm-vp8: eb34c28f22e8b96e1ab97ce403110664 -> 
  custom:audio-encoder-webm-vorbis: bf7c407c2cedff20999df2af8eb42d56 -> 
  custom:framework-win-MediaFoundation: 216162199b28c13a410421893ffa2e32 -> 
  custom:container-demuxer-ogg: 62fdf1f143b41e24485cea50d1cbac27 -> 
  custom:video-decoder-webm-vp8: 9c59270c3fd7afecdb556c50c9e8de78 -> 
  custom:audio-decoder-ogg-vorbis: bf7c407c2cedff20999df2af8eb42d56 -> 
========================================================================
Received Import Request.
  Time since last request: 374865.381709 seconds.
  path: Assets/pbr_textures(fromstore)/textures/ao.psd
  artifactKey: Guid(7522a745ce0358643b7385083b5b3dd7) Importer(815301076,1909f56bfc062723c751e8b465ee728b)
Start importing Assets/pbr_textures(fromstore)/textures/ao.psd using Guid(7522a745ce0358643b7385083b5b3dd7) Importer(815301076,1909f56bfc062723c751e8b465ee728b)  -> (artifact id: '582ceb339c3238e55d4ed27ab6a9cc4d') in 0.117035 seconds 
========================================================================
Received Import Request.
  Time since last request: 6.874916 seconds.
  path: Assets/Original Bricks Textures(fromstore)/Bricks Texture 01/Bricks Texture 01.mat
  artifactKey: Guid(42c118598f9fd40459ecfec4ba0c211d) Importer(815301076,1909f56bfc062723c751e8b465ee728b)
Start importing Assets/Original Bricks Textures(fromstore)/Bricks Texture 01/Bricks Texture 01.mat using Guid(42c118598f9fd40459ecfec4ba0c211d) Importer(815301076,1909f56bfc062723c751e8b465ee728b)  -> (artifact id: 'b0e8bbf7f8f12b08b6d8a274139a72a7') in 0.077809 seconds 
========================================================================
Received Import Request.
  Time since last request: 0.518528 seconds.
  path: Assets/Original Bricks Textures(fromstore)/Bricks Texture 03/Bricks Texture 03.mat
  artifactKey: Guid(8ea21f389e4f91d46a45ecf8bfab1d95) Importer(815301076,1909f56bfc062723c751e8b465ee728b)
Start importing Assets/Original Bricks Textures(fromstore)/Bricks Texture 03/Bricks Texture 03.mat using Guid(8ea21f389e4f91d46a45ecf8bfab1d95) Importer(815301076,1909f56bfc062723c751e8b465ee728b)  -> (artifact id: '6771eae872fa957329b5f5d4d4454fc1') in 0.023227 seconds 
========================================================================
Received Import Request.
  Time since last request: 10.465685 seconds.
  path: Assets/PowerUp(fromstore)/Materials/extern-power-up-green.tga
  artifactKey: Guid(2c4ed347d4ee1a3438d747596c36309e) Importer(815301076,1909f56bfc062723c751e8b465ee728b)
Start importing Assets/PowerUp(fromstore)/Materials/extern-power-up-green.tga using Guid(2c4ed347d4ee1a3438d747596c36309e) Importer(815301076,1909f56bfc062723c751e8b465ee728b)  -> (artifact id: '84b91bd8cb2ee616e78ab1f0d7f37cf4') in 0.018796 seconds 
========================================================================
Received Import Request.
  Time since last request: 0.000034 seconds.
  path: Assets/PowerUp(fromstore)/Materials/shine.tga
  artifactKey: Guid(af4fe9730068e18419ff84a958ba6744) Importer(815301076,1909f56bfc062723c751e8b465ee728b)
Start importing Assets/PowerUp(fromstore)/Materials/shine.tga using Guid(af4fe9730068e18419ff84a958ba6744) Importer(815301076,1909f56bfc062723c751e8b465ee728b)  -> (artifact id: 'c4d05035c407eef17dc283d5e1fe0ef8') in 0.015740 seconds 
========================================================================
Received Import Request.
  Time since last request: 0.000036 seconds.
  path: Assets/PowerUp(fromstore)/Materials/ExternPowerUpBlue.mat
  artifactKey: Guid(02758698f6605d345a67239c79c069b6) Importer(815301076,1909f56bfc062723c751e8b465ee728b)
Start importing Assets/PowerUp(fromstore)/Materials/ExternPowerUpBlue.mat using Guid(02758698f6605d345a67239c79c069b6) Importer(815301076,1909f56bfc062723c751e8b465ee728b)  -> (artifact id: 'dff6928b12ca718dbbdc52ba36cff47a') in 0.018533 seconds 
========================================================================
Received Import Request.
  Time since last request: 0.000034 seconds.
  path: Assets/PowerUp(fromstore)/Materials/SpecularWhite.mat
  artifactKey: Guid(8d3a8767c49890047888854518822b77) Importer(815301076,1909f56bfc062723c751e8b465ee728b)
Start importing Assets/PowerUp(fromstore)/Materials/SpecularWhite.mat using Guid(8d3a8767c49890047888854518822b77) Importer(815301076,1909f56bfc062723c751e8b465ee728b)  -> (artifact id: 'aa9755b9064c77c1fdf1db126c0520cf') in 0.020903 seconds 
========================================================================
Received Import Request.
  Time since last request: 0.000053 seconds.
  path: Assets/PowerUp(fromstore)/Materials/spark-2.mat
  artifactKey: Guid(72cec98c07b5d364bb567b5579e4ec7e) Importer(815301076,1909f56bfc062723c751e8b465ee728b)
Start importing Assets/PowerUp(fromstore)/Materials/spark-2.mat using Guid(72cec98c07b5d364bb567b5579e4ec7e) Importer(815301076,1909f56bfc062723c751e8b465ee728b)  -> (artifact id: 'dc0fc0c540d3afb25f6a0a0de101589e') in 0.017638 seconds 
========================================================================
Received Import Request.
  Time since last request: 0.000030 seconds.
  path: Assets/PowerUp(fromstore)/Materials/flame-2.mat
  artifactKey: Guid(2333ad3120911894b8cb7e2d33a4e304) Importer(815301076,1909f56bfc062723c751e8b465ee728b)
Start importing Assets/PowerUp(fromstore)/Materials/flame-2.mat using Guid(2333ad3120911894b8cb7e2d33a4e304) Importer(815301076,1909f56bfc062723c751e8b465ee728b)  -> (artifact id: '3f044a313fdc413e6ffb55477f5d66d6') in 0.018434 seconds 
========================================================================
Received Import Request.
  Time since last request: 0.000022 seconds.
  path: Assets/PowerUp(fromstore)/Materials/Specular.mat
  artifactKey: Guid(0bbc0ff0c73fcbe4a88035b8e54c124c) Importer(815301076,1909f56bfc062723c751e8b465ee728b)
Start importing Assets/PowerUp(fromstore)/Materials/Specular.mat using Guid(0bbc0ff0c73fcbe4a88035b8e54c124c) Importer(815301076,1909f56bfc062723c751e8b465ee728b)  -> (artifact id: '6da55089b525050df75fe07242a16675') in 0.017459 seconds 
========================================================================
Received Import Request.
  Time since last request: 0.000039 seconds.
  path: Assets/PowerUp(fromstore)/Materials/flame-1.tga
  artifactKey: Guid(5a92045f2e5f77b479fd6bc6baa3b066) Importer(815301076,1909f56bfc062723c751e8b465ee728b)
Start importing Assets/PowerUp(fromstore)/Materials/flame-1.tga using Guid(5a92045f2e5f77b479fd6bc6baa3b066) Importer(815301076,1909f56bfc062723c751e8b465ee728b)  -> (artifact id: 'de6378f9a9f299211904b98ee3aad9b0') in 0.025053 seconds 
========================================================================
Received Import Request.
  Time since last request: 0.000035 seconds.
  path: Assets/PowerUp(fromstore)/Materials/spark-3.tga
  artifactKey: Guid(c329e31cd338d284cb61fd4048be3047) Importer(815301076,1909f56bfc062723c751e8b465ee728b)
Start importing Assets/PowerUp(fromstore)/Materials/spark-3.tga using Guid(c329e31cd338d284cb61fd4048be3047) Importer(815301076,1909f56bfc062723c751e8b465ee728b)  -> (artifact id: '8ab98dffad5b6e782751c1dbbee2060c') in 0.015870 seconds 
========================================================================
Received Import Request.
  Time since last request: 0.000022 seconds.
  path: Assets/PowerUp(fromstore)/Materials/ExternPowerUpGreen.mat
  artifactKey: Guid(977b6d7a9501307478a6fab8d0743ae9) Importer(815301076,1909f56bfc062723c751e8b465ee728b)
Start importing Assets/PowerUp(fromstore)/Materials/ExternPowerUpGreen.mat using Guid(977b6d7a9501307478a6fab8d0743ae9) Importer(815301076,1909f56bfc062723c751e8b465ee728b)  -> (artifact id: '28a31444d74a5fc274f39024acac046b') in 0.019194 seconds 
========================================================================
Received Import Request.
  Time since last request: 0.000025 seconds.
  path: Assets/PowerUp(fromstore)/Materials/spark-1.tga
  artifactKey: Guid(2dc82d30627a42945ac935e5658a1d4d) Importer(815301076,1909f56bfc062723c751e8b465ee728b)
Start importing Assets/PowerUp(fromstore)/Materials/spark-1.tga using Guid(2dc82d30627a42945ac935e5658a1d4d) Importer(815301076,1909f56bfc062723c751e8b465ee728b)  -> (artifact id: '89a51cfe645207b4945fb727624fe929') in 0.012810 seconds 
========================================================================
Received Import Request.
  Time since last request: 3.748985 seconds.
  path: Assets/PowerUp(fromstore)/Models/health.FBX
  artifactKey: Guid(e021c1a7a552c5a44a48282c6f566418) Importer(815301076,1909f56bfc062723c751e8b465ee728b)
Start importing Assets/PowerUp(fromstore)/Models/health.FBX using Guid(e021c1a7a552c5a44a48282c6f566418) Importer(815301076,1909f56bfc062723c751e8b465ee728b)  -> (artifact id: '44a3674abafe713692deace900f3fe0e') in 0.180693 seconds 
========================================================================
Received Import Request.
  Time since last request: 5.259171 seconds.
  path: Assets/PowerUp(fromstore)/Prefabs/PowerUpContainerDoubleSpark-2.prefab
  artifactKey: Guid(8f2875655f485be4d8438962a9d306bc) Importer(815301076,1909f56bfc062723c751e8b465ee728b)
Start importing Assets/PowerUp(fromstore)/Prefabs/PowerUpContainerDoubleSpark-2.prefab using Guid(8f2875655f485be4d8438962a9d306bc) Importer(815301076,1909f56bfc062723c751e8b465ee728b)  -> (artifact id: '87a11c6c83c56c8832fd945ccae36550') in 0.028603 seconds 
========================================================================
Received Import Request.
  Time since last request: 0.000026 seconds.
  path: Assets/PowerUp(fromstore)/Prefabs/PowerUpContainerYellow.prefab
  artifactKey: Guid(0c6c6a0e9df04f341be96e061ddbf145) Importer(815301076,1909f56bfc062723c751e8b465ee728b)
Start importing Assets/PowerUp(fromstore)/Prefabs/PowerUpContainerYellow.prefab using Guid(0c6c6a0e9df04f341be96e061ddbf145) Importer(815301076,1909f56bfc062723c751e8b465ee728b)  -> (artifact id: '4623bba4491c5ed0c54e685264c116ae') in 0.022025 seconds 
========================================================================
Received Import Request.
  Time since last request: 14.257898 seconds.
  path: Assets/Resources/Floor.prefab
  artifactKey: Guid(3498868b61079764590b92aec109f4ec) Importer(815301076,1909f56bfc062723c751e8b465ee728b)
Start importing Assets/Resources/Floor.prefab using Guid(3498868b61079764590b92aec109f4ec) Importer(815301076,1909f56bfc062723c751e8b465ee728b)  -> (artifact id: 'ef562b2c36e6fccf0779185aee7d70f5') in 0.110457 seconds 
========================================================================
Received Import Request.
  Time since last request: 0.000037 seconds.
  path: Assets/Resources/GoalOld.prefab
  artifactKey: Guid(5b47b638e39221740ba4a5fd9e463278) Importer(815301076,1909f56bfc062723c751e8b465ee728b)
Start importing Assets/Resources/GoalOld.prefab using Guid(5b47b638e39221740ba4a5fd9e463278) Importer(815301076,1909f56bfc062723c751e8b465ee728b)  -> (artifact id: '99872994efab386145a0194ffaa6a50d') in 0.014327 seconds 
========================================================================
Received Prepare
Registering precompiled user dll's ...
Registered in 0.008984 seconds.
Begin MonoManager ReloadAssembly
Native extension for WindowsStandalone target not found
Refreshing native plugins compatible for Editor in 1.17 ms, found 2 plugins.
Preloading 0 native plugins for Editor in 0.00 ms.
Mono: successfully reloaded assembly
- Completed reload, in  1.494 seconds
Domain Reload Profiling:
	ReloadAssembly (1494ms)
		BeginReloadAssembly (179ms)
			ExecutionOrderSort (0ms)
			DisableScriptedObjects (7ms)
			BackupInstance (0ms)
			ReleaseScriptingObjects (0ms)
			CreateAndSetChildDomain (51ms)
		EndReloadAssembly (1180ms)
			LoadAssemblies (119ms)
			RebuildTransferFunctionScriptingTraits (0ms)
			SetupTypeCache (246ms)
			ReleaseScriptCaches (2ms)
			RebuildScriptCaches (53ms)
			SetupLoadedEditorAssemblies (735ms)
				LogAssemblyErrors (0ms)
				InitializePlatformSupportModulesInManaged (12ms)
				SetLoadedEditorAssemblies (1ms)
				RefreshPlugins (1ms)
				BeforeProcessingInitializeOnLoad (120ms)
				ProcessInitializeOnLoadAttributes (432ms)
				ProcessInitializeOnLoadMethodAttributes (159ms)
				AfterProcessingInitializeOnLoad (9ms)
				EditorAssembliesLoaded (0ms)
			ExecutionOrderSort2 (0ms)
			AwakeInstancesAfterBackupRestoration (6ms)
Platform modules already initialized, skipping
Refreshing native plugins compatible for Editor in 7.26 ms, found 2 plugins.
Preloading 0 native plugins for Editor in 0.00 ms.
Unloading 4516 Unused Serialized files (Serialized files now loaded: 0)
Unloading 60 unused Assets / (0.7 MB). Loaded Objects now: 5100.
Memory consumption went from 188.3 MB to 187.5 MB.
Total: 9.730500 ms (FindLiveObjects: 0.503600 ms CreateObjectMapping: 0.516100 ms MarkObjects: 8.263400 ms  DeleteObjects: 0.445300 ms)

AssetImportParameters requested are different than current active one (requested -> active):
  custom:video-decoder-ogg-theora: a1e56fd34408186e4bbccfd4996cb3dc -> 
  custom:container-muxer-webm: aa71ff27fc2769a1b78a27578f13a17b -> 
  custom:container-demuxer-webm: 4f35f7cbe854078d1ac9338744f61a02 -> 
  custom:video-encoder-webm-vp8: eb34c28f22e8b96e1ab97ce403110664 -> 
  custom:audio-encoder-webm-vorbis: bf7c407c2cedff20999df2af8eb42d56 -> 
  custom:framework-win-MediaFoundation: 216162199b28c13a410421893ffa2e32 -> 
  custom:container-demuxer-ogg: 62fdf1f143b41e24485cea50d1cbac27 -> 
  custom:video-decoder-webm-vp8: 9c59270c3fd7afecdb556c50c9e8de78 -> 
  custom:audio-decoder-ogg-vorbis: bf7c407c2cedff20999df2af8eb42d56 -> 
========================================================================
Received Prepare
Registering precompiled user dll's ...
Registered in 0.007666 seconds.
Begin MonoManager ReloadAssembly
Native extension for WindowsStandalone target not found
Refreshing native plugins compatible for Editor in 1.62 ms, found 2 plugins.
Preloading 0 native plugins for Editor in 0.00 ms.
Mono: successfully reloaded assembly
- Completed reload, in  1.476 seconds
Domain Reload Profiling:
	ReloadAssembly (1477ms)
		BeginReloadAssembly (152ms)
			ExecutionOrderSort (0ms)
			DisableScriptedObjects (7ms)
			BackupInstance (0ms)
			ReleaseScriptingObjects (0ms)
			CreateAndSetChildDomain (40ms)
		EndReloadAssembly (1214ms)
			LoadAssemblies (113ms)
			RebuildTransferFunctionScriptingTraits (0ms)
			SetupTypeCache (233ms)
			ReleaseScriptCaches (2ms)
			RebuildScriptCaches (52ms)
			SetupLoadedEditorAssemblies (774ms)
				LogAssemblyErrors (0ms)
				InitializePlatformSupportModulesInManaged (12ms)
				SetLoadedEditorAssemblies (1ms)
				RefreshPlugins (2ms)
				BeforeProcessingInitializeOnLoad (107ms)
				ProcessInitializeOnLoadAttributes (478ms)
				ProcessInitializeOnLoadMethodAttributes (164ms)
				AfterProcessingInitializeOnLoad (9ms)
				EditorAssembliesLoaded (0ms)
			ExecutionOrderSort2 (0ms)
			AwakeInstancesAfterBackupRestoration (6ms)
Platform modules already initialized, skipping
Refreshing native plugins compatible for Editor in 6.28 ms, found 2 plugins.
Preloading 0 native plugins for Editor in 0.00 ms.
Unloading 4516 Unused Serialized files (Serialized files now loaded: 0)
Unloading 60 unused Assets / (0.7 MB). Loaded Objects now: 5103.
Memory consumption went from 188.3 MB to 187.5 MB.
Total: 7.811300 ms (FindLiveObjects: 0.394100 ms CreateObjectMapping: 0.335800 ms MarkObjects: 6.666800 ms  DeleteObjects: 0.413500 ms)

AssetImportParameters requested are different than current active one (requested -> active):
  custom:video-decoder-ogg-theora: a1e56fd34408186e4bbccfd4996cb3dc -> 
  custom:container-muxer-webm: aa71ff27fc2769a1b78a27578f13a17b -> 
  custom:container-demuxer-webm: 4f35f7cbe854078d1ac9338744f61a02 -> 
  custom:video-encoder-webm-vp8: eb34c28f22e8b96e1ab97ce403110664 -> 
  custom:audio-encoder-webm-vorbis: bf7c407c2cedff20999df2af8eb42d56 -> 
  custom:framework-win-MediaFoundation: 216162199b28c13a410421893ffa2e32 -> 
  custom:container-demuxer-ogg: 62fdf1f143b41e24485cea50d1cbac27 -> 
  custom:video-decoder-webm-vp8: 9c59270c3fd7afecdb556c50c9e8de78 -> 
  custom:audio-decoder-ogg-vorbis: bf7c407c2cedff20999df2af8eb42d56 -> 
